<html>
<head>
<title>TestNG:  Default test</title>
<link href="../testng.css" rel="stylesheet" type="text/css" />
<link href="../my-testng.css" rel="stylesheet" type="text/css" />

<style type="text/css">
.log { display: none;} 
.stack-trace { display: none;} 
</style>
<script type="text/javascript">
<!--
function flip(e) {
  current = e.style.display;
  if (current == 'block') {
    e.style.display = 'none';
    return 0;
  }
  else {
    e.style.display = 'block';
    return 1;
  }
}

function toggleBox(szDivId, elem, msg1, msg2)
{
  var res = -1;  if (document.getElementById) {
    res = flip(document.getElementById(szDivId));
  }
  else if (document.all) {
    // this is the way old msie versions work
    res = flip(document.all[szDivId]);
  }
  if(elem) {
    if(res == 0) elem.innerHTML = msg1; else elem.innerHTML = msg2;
  }

}

function toggleAllBoxes() {
  if (document.getElementsByTagName) {
    d = document.getElementsByTagName('div');
    for (i = 0; i < d.length; i++) {
      if (d[i].className == 'log') {
        flip(d[i]);
      }
    }
  }
}

// -->
</script>

</head>
<body>
<h2 align='center'>Default test</h2><table border='1' align="center">
<tr>
<td>Tests passed/Failed/Skipped:</td><td>50/8/0</td>
</tr><tr>
<td>Started on:</td><td>Mon Sep 11 20:17:31 IST 2023</td>
</tr>
<tr><td>Total time:</td><td>480 seconds (480554 ms)</td>
</tr><tr>
<td>Included groups:</td><td></td>
</tr><tr>
<td>Excluded groups:</td><td></td>
</tr>
</table><p/>
<small><i>(Hover the method name to see the test class name)</i></small><p/>
<table width='100%' border='1' class='invocation-failed'>
<tr><td colspan='4' align='center'><b>FAILED TESTS</b></td></tr>
<tr><td><b>Test method</b></td>
<td><b>Attribute(s)</b></td>
<td width="30%"><b>Exception</b></td>
<td width="10%"><b>Time (seconds)</b></td>
<td><b>Instance</b></td>
</tr>
<tr>
<td title='runner.LocalRunner.runScenario()'><b>runScenario</b><br>Test class: runner.LocalRunner<br>Test method: Runs Cucumber Scenarios<br>Parameters: "Verify the Other ID Text Field", "The Ability to edit Personal Details in My Info"</td>
<td><div><pre>java.lang.AssertionError: expected [] but found [     ]
	at org.testng.Assert.fail(Assert.java:111)
	at org.testng.Assert.failNotEquals(Assert.java:1578)
	at org.testng.Assert.assertEqualsImpl(Assert.java:150)
	at org.testng.Assert.assertEquals(Assert.java:132)
	at org.testng.Assert.assertEquals(Assert.java:656)
	at org.testng.Assert.assertEquals(Assert.java:666)
	at stepdefinitions.PersonalDetailsStepDefiniton.click_save_and_verify_field_with(PersonalDetailsStepDefiniton.java:108)
	at ✽.Click save and Verify &quot;Other ID&quot; field with &quot;     &quot;(file:///F:/Learning_Projects/eclipse-space/bdd-OrangeHrm/src/test/resources/Features/PersonalDetails.feature:48)
</pre></div><a href='#' onClick='toggleBox("stack-trace1470854538", this, "Click to show all stack frames", "Click to hide stack frames")'>Click to show all stack frames</a>
<div class='stack-trace' id='stack-trace1470854538'><pre>java.lang.AssertionError: expected [] but found [     ]
	at org.testng.Assert.fail(Assert.java:111)
	at org.testng.Assert.failNotEquals(Assert.java:1578)
	at org.testng.Assert.assertEqualsImpl(Assert.java:150)
	at org.testng.Assert.assertEquals(Assert.java:132)
	at org.testng.Assert.assertEquals(Assert.java:656)
	at org.testng.Assert.assertEquals(Assert.java:666)
	at stepdefinitions.PersonalDetailsStepDefiniton.click_save_and_verify_field_with(PersonalDetailsStepDefiniton.java:108)
	at ✽.Click save and Verify &quot;Other ID&quot; field with &quot;     &quot;(file:///F:/Learning_Projects/eclipse-space/bdd-OrangeHrm/src/test/resources/Features/PersonalDetails.feature:48)
</pre></div></td>
<td>75</td>
<td>runner.LocalRunner@bccb269</td></tr>
<tr>
<td title='runner.LocalRunner.runScenario()'><b>runScenario</b><br>Test class: runner.LocalRunner<br>Test method: Runs Cucumber Scenarios<br>Parameters: "Verify the Other ID Text Field", "The Ability to edit Personal Details in My Info"</td>
<td><div><pre>java.lang.AssertionError: expected [new@1] but found [   new@1   ]
	at org.testng.Assert.fail(Assert.java:111)
	at org.testng.Assert.failNotEquals(Assert.java:1578)
	at org.testng.Assert.assertEqualsImpl(Assert.java:150)
	at org.testng.Assert.assertEquals(Assert.java:132)
	at org.testng.Assert.assertEquals(Assert.java:656)
	at org.testng.Assert.assertEquals(Assert.java:666)
	at stepdefinitions.PersonalDetailsStepDefiniton.click_save_and_verify_field_with(PersonalDetailsStepDefiniton.java:108)
	at ✽.Click save and Verify &quot;Other ID&quot; field with &quot;   new@1   &quot;(file:///F:/Learning_Projects/eclipse-space/bdd-OrangeHrm/src/test/resources/Features/PersonalDetails.feature:48)
</pre></div><a href='#' onClick='toggleBox("stack-trace1398523887", this, "Click to show all stack frames", "Click to hide stack frames")'>Click to show all stack frames</a>
<div class='stack-trace' id='stack-trace1398523887'><pre>java.lang.AssertionError: expected [new@1] but found [   new@1   ]
	at org.testng.Assert.fail(Assert.java:111)
	at org.testng.Assert.failNotEquals(Assert.java:1578)
	at org.testng.Assert.assertEqualsImpl(Assert.java:150)
	at org.testng.Assert.assertEquals(Assert.java:132)
	at org.testng.Assert.assertEquals(Assert.java:656)
	at org.testng.Assert.assertEquals(Assert.java:666)
	at stepdefinitions.PersonalDetailsStepDefiniton.click_save_and_verify_field_with(PersonalDetailsStepDefiniton.java:108)
	at ✽.Click save and Verify &quot;Other ID&quot; field with &quot;   new@1   &quot;(file:///F:/Learning_Projects/eclipse-space/bdd-OrangeHrm/src/test/resources/Features/PersonalDetails.feature:48)
</pre></div></td>
<td>76</td>
<td>runner.LocalRunner@bccb269</td></tr>
<tr>
<td title='runner.LocalRunner.runScenario()'><b>runScenario</b><br>Test class: runner.LocalRunner<br>Test method: Runs Cucumber Scenarios<br>Parameters: "Verify the First Name Text Field", "The Ability to edit Personal Details in My Info"</td>
<td><div><pre>java.lang.AssertionError: expected [Rei] but found [   Rei   ]
	at org.testng.Assert.fail(Assert.java:111)
	at org.testng.Assert.failNotEquals(Assert.java:1578)
	at org.testng.Assert.assertEqualsImpl(Assert.java:150)
	at org.testng.Assert.assertEquals(Assert.java:132)
	at org.testng.Assert.assertEquals(Assert.java:656)
	at org.testng.Assert.assertEquals(Assert.java:666)
	at stepdefinitions.PersonalDetailsStepDefiniton.click_save_and_verify_field_with(PersonalDetailsStepDefiniton.java:108)
	at ✽.Click save and Verify &quot;First name&quot; field with &quot;   Rei   &quot;(file:///F:/Learning_Projects/eclipse-space/bdd-OrangeHrm/src/test/resources/Features/PersonalDetails.feature:19)
</pre></div><a href='#' onClick='toggleBox("stack-trace734576958", this, "Click to show all stack frames", "Click to hide stack frames")'>Click to show all stack frames</a>
<div class='stack-trace' id='stack-trace734576958'><pre>java.lang.AssertionError: expected [Rei] but found [   Rei   ]
	at org.testng.Assert.fail(Assert.java:111)
	at org.testng.Assert.failNotEquals(Assert.java:1578)
	at org.testng.Assert.assertEqualsImpl(Assert.java:150)
	at org.testng.Assert.assertEquals(Assert.java:132)
	at org.testng.Assert.assertEquals(Assert.java:656)
	at org.testng.Assert.assertEquals(Assert.java:666)
	at stepdefinitions.PersonalDetailsStepDefiniton.click_save_and_verify_field_with(PersonalDetailsStepDefiniton.java:108)
	at ✽.Click save and Verify &quot;First name&quot; field with &quot;   Rei   &quot;(file:///F:/Learning_Projects/eclipse-space/bdd-OrangeHrm/src/test/resources/Features/PersonalDetails.feature:19)
</pre></div></td>
<td>89</td>
<td>runner.LocalRunner@bccb269</td></tr>
<tr>
<td title='runner.LocalRunner.runScenario()'><b>runScenario</b><br>Test class: runner.LocalRunner<br>Test method: Runs Cucumber Scenarios<br>Parameters: "Verify the Middle Name Text Field", "The Ability to edit Personal Details in My Info"</td>
<td><div><pre>java.lang.AssertionError: expected [Yagami] but found [   Yagami   ]
	at org.testng.Assert.fail(Assert.java:111)
	at org.testng.Assert.failNotEquals(Assert.java:1578)
	at org.testng.Assert.assertEqualsImpl(Assert.java:150)
	at org.testng.Assert.assertEquals(Assert.java:132)
	at org.testng.Assert.assertEquals(Assert.java:656)
	at org.testng.Assert.assertEquals(Assert.java:666)
	at stepdefinitions.PersonalDetailsStepDefiniton.click_save_and_verify_field_with(PersonalDetailsStepDefiniton.java:108)
	at ✽.Click save and Verify &quot;Middle name&quot; field with &quot;   Yagami   &quot;(file:///F:/Learning_Projects/eclipse-space/bdd-OrangeHrm/src/test/resources/Features/PersonalDetails.feature:77)
</pre></div><a href='#' onClick='toggleBox("stack-trace1563738364", this, "Click to show all stack frames", "Click to hide stack frames")'>Click to show all stack frames</a>
<div class='stack-trace' id='stack-trace1563738364'><pre>java.lang.AssertionError: expected [Yagami] but found [   Yagami   ]
	at org.testng.Assert.fail(Assert.java:111)
	at org.testng.Assert.failNotEquals(Assert.java:1578)
	at org.testng.Assert.assertEqualsImpl(Assert.java:150)
	at org.testng.Assert.assertEquals(Assert.java:132)
	at org.testng.Assert.assertEquals(Assert.java:656)
	at org.testng.Assert.assertEquals(Assert.java:666)
	at stepdefinitions.PersonalDetailsStepDefiniton.click_save_and_verify_field_with(PersonalDetailsStepDefiniton.java:108)
	at ✽.Click save and Verify &quot;Middle name&quot; field with &quot;   Yagami   &quot;(file:///F:/Learning_Projects/eclipse-space/bdd-OrangeHrm/src/test/resources/Features/PersonalDetails.feature:77)
</pre></div></td>
<td>74</td>
<td>runner.LocalRunner@bccb269</td></tr>
<tr>
<td title='runner.LocalRunner.runScenario()'><b>runScenario</b><br>Test class: runner.LocalRunner<br>Test method: Runs Cucumber Scenarios<br>Parameters: "Verify the Middle Name Text Field", "The Ability to edit Personal Details in My Info"</td>
<td><div><pre>java.lang.AssertionError: expected [] but found [     ]
	at org.testng.Assert.fail(Assert.java:111)
	at org.testng.Assert.failNotEquals(Assert.java:1578)
	at org.testng.Assert.assertEqualsImpl(Assert.java:150)
	at org.testng.Assert.assertEquals(Assert.java:132)
	at org.testng.Assert.assertEquals(Assert.java:656)
	at org.testng.Assert.assertEquals(Assert.java:666)
	at stepdefinitions.PersonalDetailsStepDefiniton.click_save_and_verify_field_with(PersonalDetailsStepDefiniton.java:108)
	at ✽.Click save and Verify &quot;Middle name&quot; field with &quot;     &quot;(file:///F:/Learning_Projects/eclipse-space/bdd-OrangeHrm/src/test/resources/Features/PersonalDetails.feature:77)
</pre></div><a href='#' onClick='toggleBox("stack-trace817841655", this, "Click to show all stack frames", "Click to hide stack frames")'>Click to show all stack frames</a>
<div class='stack-trace' id='stack-trace817841655'><pre>java.lang.AssertionError: expected [] but found [     ]
	at org.testng.Assert.fail(Assert.java:111)
	at org.testng.Assert.failNotEquals(Assert.java:1578)
	at org.testng.Assert.assertEqualsImpl(Assert.java:150)
	at org.testng.Assert.assertEquals(Assert.java:132)
	at org.testng.Assert.assertEquals(Assert.java:656)
	at org.testng.Assert.assertEquals(Assert.java:666)
	at stepdefinitions.PersonalDetailsStepDefiniton.click_save_and_verify_field_with(PersonalDetailsStepDefiniton.java:108)
	at ✽.Click save and Verify &quot;Middle name&quot; field with &quot;     &quot;(file:///F:/Learning_Projects/eclipse-space/bdd-OrangeHrm/src/test/resources/Features/PersonalDetails.feature:77)
</pre></div></td>
<td>73</td>
<td>runner.LocalRunner@bccb269</td></tr>
<tr>
<td title='runner.LocalRunner.runScenario()'><b>runScenario</b><br>Test class: runner.LocalRunner<br>Test method: Runs Cucumber Scenarios<br>Parameters: "Verify the ability to add Attachements", "The Ability to edit Personal Details in My Info"</td>
<td><div><pre>org.openqa.selenium.NoSuchElementException: no such element: Unable to locate element: {&quot;method&quot;:&quot;xpath&quot;,&quot;selector&quot;:&quot;(//div[@class=&apos;oxd-table-body&apos;]/div/div/div[2])[last()]&quot;}
  (Session info: headless chrome=116.0.5845.180)
For documentation on this error, please visit: https://www.selenium.dev/documentation/webdriver/troubleshooting/errors#no-such-element-exception
Build info: version: &apos;4.12.1&apos;, revision: &apos;8e34639b11&apos;
System info: os.name: &apos;Windows 11&apos;, os.arch: &apos;amd64&apos;, os.version: &apos;10.0&apos;, java.version: &apos;20.0.2&apos;
Driver info: org.openqa.selenium.chrome.ChromeDriver
Command: [679dff959f7c086b66282efaf9e0c1b8, findElement {using=xpath, value=(//div[@class=&apos;oxd-table-body&apos;]/div/div/div[2])[last()]}]
Capabilities {acceptInsecureCerts: true, browserName: chrome, browserVersion: 116.0.5845.180, chrome: {chromedriverVersion: 116.0.5845.96 (1a3918166880..., userDataDir: C:\Users\Ranjith\AppData\Lo...}, fedcm:accounts: true, goog:chromeOptions: {debuggerAddress: localhost:4815}, networkConnectionEnabled: false, pageLoadStrategy: normal, platformName: windows, proxy: Proxy(), se:cdp: ws://localhost:4815/devtool..., se:cdpVersion: 116.0.5845.180, setWindowRect: true, strictFileInteractability: false, timeouts: {implicit: 0, pageLoad: 300000, script: 30000}, unhandledPromptBehavior: dismiss and notify, webauthn:extension:credBlob: true, webauthn:extension:largeBlob: true, webauthn:extension:minPinLength: true, webauthn:extension:prf: true, webauthn:virtualAuthenticators: true}
Session ID: 679dff959f7c086b66282efaf9e0c1b8
	at java.base/jdk.internal.reflect.DirectConstructorHandleAccessor.newInstance(DirectConstructorHandleAccessor.java:67)
	at java.base/java.lang.reflect.Constructor.newInstanceWithCaller(Constructor.java:500)
	at java.base/java.lang.reflect.Constructor.newInstance(Constructor.java:484)
	at org.openqa.selenium.remote.codec.w3c.W3CHttpResponseCodec.createException(W3CHttpResponseCodec.java:200)
	at org.openqa.selenium.remote.codec.w3c.W3CHttpResponseCodec.decode(W3CHttpResponseCodec.java:133)
	at org.openqa.selenium.remote.codec.w3c.W3CHttpResponseCodec.decode(W3CHttpResponseCodec.java:52)
	at org.openqa.selenium.remote.HttpCommandExecutor.execute(HttpCommandExecutor.java:191)
	at org.openqa.selenium.remote.service.DriverCommandExecutor.invokeExecute(DriverCommandExecutor.java:196)
	at org.openqa.selenium.remote.service.DriverCommandExecutor.execute(DriverCommandExecutor.java:171)
	at org.openqa.selenium.remote.RemoteWebDriver.execute(RemoteWebDriver.java:602)
	at org.openqa.selenium.remote.ElementLocation$ElementFinder$2.findElement(ElementLocation.java:165)
	at org.openqa.selenium.remote.ElementLocation.findElement(ElementLocation.java:59)
	at org.openqa.selenium.remote.RemoteWebDriver.findElement(RemoteWebDriver.java:359)
	at org.openqa.selenium.remote.RemoteWebDriver.findElement(RemoteWebDriver.java:353)
	at pageObjects.PersonalDetails.attachementVerifier(PersonalDetails.java:405)
	at stepdefinitions.PersonalDetailsStepDefiniton.verify_the_file_size_as(PersonalDetailsStepDefiniton.java:255)
	at ✽.Verify the &quot;maximum_size.jpg&quot; file size &quot;Without Comment&quot; as &quot;&quot;(file:///F:/Learning_Projects/eclipse-space/bdd-OrangeHrm/src/test/resources/Features/PersonalDetails.feature:224)
</pre></div><a href='#' onClick='toggleBox("stack-trace1797162194", this, "Click to show all stack frames", "Click to hide stack frames")'>Click to show all stack frames</a>
<div class='stack-trace' id='stack-trace1797162194'><pre>org.openqa.selenium.NoSuchElementException: no such element: Unable to locate element: {&quot;method&quot;:&quot;xpath&quot;,&quot;selector&quot;:&quot;(//div[@class=&apos;oxd-table-body&apos;]/div/div/div[2])[last()]&quot;}
  (Session info: headless chrome=116.0.5845.180)
For documentation on this error, please visit: https://www.selenium.dev/documentation/webdriver/troubleshooting/errors#no-such-element-exception
Build info: version: &apos;4.12.1&apos;, revision: &apos;8e34639b11&apos;
System info: os.name: &apos;Windows 11&apos;, os.arch: &apos;amd64&apos;, os.version: &apos;10.0&apos;, java.version: &apos;20.0.2&apos;
Driver info: org.openqa.selenium.chrome.ChromeDriver
Command: [679dff959f7c086b66282efaf9e0c1b8, findElement {using=xpath, value=(//div[@class=&apos;oxd-table-body&apos;]/div/div/div[2])[last()]}]
Capabilities {acceptInsecureCerts: true, browserName: chrome, browserVersion: 116.0.5845.180, chrome: {chromedriverVersion: 116.0.5845.96 (1a3918166880..., userDataDir: C:\Users\Ranjith\AppData\Lo...}, fedcm:accounts: true, goog:chromeOptions: {debuggerAddress: localhost:4815}, networkConnectionEnabled: false, pageLoadStrategy: normal, platformName: windows, proxy: Proxy(), se:cdp: ws://localhost:4815/devtool..., se:cdpVersion: 116.0.5845.180, setWindowRect: true, strictFileInteractability: false, timeouts: {implicit: 0, pageLoad: 300000, script: 30000}, unhandledPromptBehavior: dismiss and notify, webauthn:extension:credBlob: true, webauthn:extension:largeBlob: true, webauthn:extension:minPinLength: true, webauthn:extension:prf: true, webauthn:virtualAuthenticators: true}
Session ID: 679dff959f7c086b66282efaf9e0c1b8
	at java.base/jdk.internal.reflect.DirectConstructorHandleAccessor.newInstance(DirectConstructorHandleAccessor.java:67)
	at java.base/java.lang.reflect.Constructor.newInstanceWithCaller(Constructor.java:500)
	at java.base/java.lang.reflect.Constructor.newInstance(Constructor.java:484)
	at org.openqa.selenium.remote.codec.w3c.W3CHttpResponseCodec.createException(W3CHttpResponseCodec.java:200)
	at org.openqa.selenium.remote.codec.w3c.W3CHttpResponseCodec.decode(W3CHttpResponseCodec.java:133)
	at org.openqa.selenium.remote.codec.w3c.W3CHttpResponseCodec.decode(W3CHttpResponseCodec.java:52)
	at org.openqa.selenium.remote.HttpCommandExecutor.execute(HttpCommandExecutor.java:191)
	at org.openqa.selenium.remote.service.DriverCommandExecutor.invokeExecute(DriverCommandExecutor.java:196)
	at org.openqa.selenium.remote.service.DriverCommandExecutor.execute(DriverCommandExecutor.java:171)
	at org.openqa.selenium.remote.RemoteWebDriver.execute(RemoteWebDriver.java:602)
	at org.openqa.selenium.remote.ElementLocation$ElementFinder$2.findElement(ElementLocation.java:165)
	at org.openqa.selenium.remote.ElementLocation.findElement(ElementLocation.java:59)
	at org.openqa.selenium.remote.RemoteWebDriver.findElement(RemoteWebDriver.java:359)
	at org.openqa.selenium.remote.RemoteWebDriver.findElement(RemoteWebDriver.java:353)
	at pageObjects.PersonalDetails.attachementVerifier(PersonalDetails.java:405)
	at stepdefinitions.PersonalDetailsStepDefiniton.verify_the_file_size_as(PersonalDetailsStepDefiniton.java:255)
	at ✽.Verify the &quot;maximum_size.jpg&quot; file size &quot;Without Comment&quot; as &quot;&quot;(file:///F:/Learning_Projects/eclipse-space/bdd-OrangeHrm/src/test/resources/Features/PersonalDetails.feature:224)
</pre></div></td>
<td>203</td>
<td>runner.LocalRunner@bccb269</td></tr>
<tr>
<td title='runner.LocalRunner.runScenario()'><b>runScenario</b><br>Test class: runner.LocalRunner<br>Test method: Runs Cucumber Scenarios<br>Parameters: "Verify the Last Name Text Field", "The Ability to edit Personal Details in My Info"</td>
<td><div><pre>java.lang.AssertionError: expected [Penber] but found [   Penber   ]
	at org.testng.Assert.fail(Assert.java:111)
	at org.testng.Assert.failNotEquals(Assert.java:1578)
	at org.testng.Assert.assertEqualsImpl(Assert.java:150)
	at org.testng.Assert.assertEquals(Assert.java:132)
	at org.testng.Assert.assertEquals(Assert.java:656)
	at org.testng.Assert.assertEquals(Assert.java:666)
	at stepdefinitions.PersonalDetailsStepDefiniton.click_save_and_verify_field_with(PersonalDetailsStepDefiniton.java:108)
	at ✽.Click save and Verify &quot;Last name&quot; field with &quot;   Penber   &quot;(file:///F:/Learning_Projects/eclipse-space/bdd-OrangeHrm/src/test/resources/Features/PersonalDetails.feature:106)
</pre></div><a href='#' onClick='toggleBox("stack-trace1669600889", this, "Click to show all stack frames", "Click to hide stack frames")'>Click to show all stack frames</a>
<div class='stack-trace' id='stack-trace1669600889'><pre>java.lang.AssertionError: expected [Penber] but found [   Penber   ]
	at org.testng.Assert.fail(Assert.java:111)
	at org.testng.Assert.failNotEquals(Assert.java:1578)
	at org.testng.Assert.assertEqualsImpl(Assert.java:150)
	at org.testng.Assert.assertEquals(Assert.java:132)
	at org.testng.Assert.assertEquals(Assert.java:656)
	at org.testng.Assert.assertEquals(Assert.java:666)
	at stepdefinitions.PersonalDetailsStepDefiniton.click_save_and_verify_field_with(PersonalDetailsStepDefiniton.java:108)
	at ✽.Click save and Verify &quot;Last name&quot; field with &quot;   Penber   &quot;(file:///F:/Learning_Projects/eclipse-space/bdd-OrangeHrm/src/test/resources/Features/PersonalDetails.feature:106)
</pre></div></td>
<td>77</td>
<td>runner.LocalRunner@bccb269</td></tr>
<tr>
<td title='runner.LocalRunner.runScenario()'><b>runScenario</b><br>Test class: runner.LocalRunner<br>Test method: Runs Cucumber Scenarios<br>Parameters: "Valid Login Scenario", "Login Functionality of OrangeHrm Site"</td>
<td><div><pre>java.lang.AssertionError: expected [false] but found [true]
	at org.testng.Assert.fail(Assert.java:111)
	at org.testng.Assert.failNotEquals(Assert.java:1578)
	at org.testng.Assert.assertFalse(Assert.java:79)
	at org.testng.Assert.assertFalse(Assert.java:89)
	at stepdefinitions.LoginStepDefinition.the_user_is_logged_in(LoginStepDefinition.java:55)
	at ✽.The User is logged in(file:///F:/Learning_Projects/eclipse-space/bdd-OrangeHrm/src/test/resources/Features/Login.feature:8)
</pre></div><a href='#' onClick='toggleBox("stack-trace1976919946", this, "Click to show all stack frames", "Click to hide stack frames")'>Click to show all stack frames</a>
<div class='stack-trace' id='stack-trace1976919946'><pre>java.lang.AssertionError: expected [false] but found [true]
	at org.testng.Assert.fail(Assert.java:111)
	at org.testng.Assert.failNotEquals(Assert.java:1578)
	at org.testng.Assert.assertFalse(Assert.java:79)
	at org.testng.Assert.assertFalse(Assert.java:89)
	at stepdefinitions.LoginStepDefinition.the_user_is_logged_in(LoginStepDefinition.java:55)
	at ✽.The User is logged in(file:///F:/Learning_Projects/eclipse-space/bdd-OrangeHrm/src/test/resources/Features/Login.feature:8)
</pre></div></td>
<td>71</td>
<td>runner.LocalRunner@bccb269</td></tr>
</table><p>
<table width='100%' border='1' class='invocation-passed'>
<tr><td colspan='4' align='center'><b>PASSED TESTS</b></td></tr>
<tr><td><b>Test method</b></td>
<td><b>Attribute(s)</b></td>
<td width="30%"><b>Exception</b></td>
<td width="10%"><b>Time (seconds)</b></td>
<td><b>Instance</b></td>
</tr>
<tr>
<td title='runner.LocalRunner.runScenario()'><b>runScenario</b><br>Test class: runner.LocalRunner<br>Test method: Runs Cucumber Scenarios<br>Parameters: "Verify the Last Name Text Field", "The Ability to edit Personal Details in My Info"</td>
<td></td>
<td>76</td>
<td>runner.LocalRunner@bccb269</td></tr>
<tr>
<td title='runner.LocalRunner.runScenario()'><b>runScenario</b><br>Test class: runner.LocalRunner<br>Test method: Runs Cucumber Scenarios<br>Parameters: "Verify the Last Name Text Field", "The Ability to edit Personal Details in My Info"</td>
<td></td>
<td>42</td>
<td>runner.LocalRunner@bccb269</td></tr>
<tr>
<td title='runner.LocalRunner.runScenario()'><b>runScenario</b><br>Test class: runner.LocalRunner<br>Test method: Runs Cucumber Scenarios<br>Parameters: "Verify the Middle Name Text Field", "The Ability to edit Personal Details in My Info"</td>
<td></td>
<td>74</td>
<td>runner.LocalRunner@bccb269</td></tr>
<tr>
<td title='runner.LocalRunner.runScenario()'><b>runScenario</b><br>Test class: runner.LocalRunner<br>Test method: Runs Cucumber Scenarios<br>Parameters: "Verify the Date Picker Buttons", "The Ability to edit Personal Details in My Info"</td>
<td></td>
<td>78</td>
<td>runner.LocalRunner@bccb269</td></tr>
<tr>
<td title='runner.LocalRunner.runScenario()'><b>runScenario</b><br>Test class: runner.LocalRunner<br>Test method: Runs Cucumber Scenarios<br>Parameters: "Verify the ability to add Attachements", "The Ability to edit Personal Details in My Info"</td>
<td></td>
<td>39</td>
<td>runner.LocalRunner@bccb269</td></tr>
<tr>
<td title='runner.LocalRunner.runScenario()'><b>runScenario</b><br>Test class: runner.LocalRunner<br>Test method: Runs Cucumber Scenarios<br>Parameters: "Verify the First Name Text Field", "The Ability to edit Personal Details in My Info"</td>
<td></td>
<td>55</td>
<td>runner.LocalRunner@bccb269</td></tr>
<tr>
<td title='runner.LocalRunner.runScenario()'><b>runScenario</b><br>Test class: runner.LocalRunner<br>Test method: Runs Cucumber Scenarios<br>Parameters: "Verify the Last Name Text Field", "The Ability to edit Personal Details in My Info"</td>
<td></td>
<td>43</td>
<td>runner.LocalRunner@bccb269</td></tr>
<tr>
<td title='runner.LocalRunner.runScenario()'><b>runScenario</b><br>Test class: runner.LocalRunner<br>Test method: Runs Cucumber Scenarios<br>Parameters: "Invalid Login Scenario", "Login Functionality of OrangeHrm Site"</td>
<td></td>
<td>42</td>
<td>runner.LocalRunner@bccb269</td></tr>
<tr>
<td title='runner.LocalRunner.runScenario()'><b>runScenario</b><br>Test class: runner.LocalRunner<br>Test method: Runs Cucumber Scenarios<br>Parameters: "Invalid Login Scenario", "Login Functionality of OrangeHrm Site"</td>
<td></td>
<td>42</td>
<td>runner.LocalRunner@bccb269</td></tr>
<tr>
<td title='runner.LocalRunner.runScenario()'><b>runScenario</b><br>Test class: runner.LocalRunner<br>Test method: Runs Cucumber Scenarios<br>Parameters: "Verify the Last Name Text Field", "The Ability to edit Personal Details in My Info"</td>
<td></td>
<td>77</td>
<td>runner.LocalRunner@bccb269</td></tr>
<tr>
<td title='runner.LocalRunner.runScenario()'><b>runScenario</b><br>Test class: runner.LocalRunner<br>Test method: Runs Cucumber Scenarios<br>Parameters: "Verify the ability to add Attachements", "The Ability to edit Personal Details in My Info"</td>
<td></td>
<td>39</td>
<td>runner.LocalRunner@bccb269</td></tr>
<tr>
<td title='runner.LocalRunner.runScenario()'><b>runScenario</b><br>Test class: runner.LocalRunner<br>Test method: Runs Cucumber Scenarios<br>Parameters: "Verify the Last Name Text Field", "The Ability to edit Personal Details in My Info"</td>
<td></td>
<td>41</td>
<td>runner.LocalRunner@bccb269</td></tr>
<tr>
<td title='runner.LocalRunner.runScenario()'><b>runScenario</b><br>Test class: runner.LocalRunner<br>Test method: Runs Cucumber Scenarios<br>Parameters: "Invalid Login Scenario", "Login Functionality of OrangeHrm Site"</td>
<td></td>
<td>46</td>
<td>runner.LocalRunner@bccb269</td></tr>
<tr>
<td title='runner.LocalRunner.runScenario()'><b>runScenario</b><br>Test class: runner.LocalRunner<br>Test method: Runs Cucumber Scenarios<br>Parameters: "Verify the Date Picker functions", "The Ability to edit Personal Details in My Info"</td>
<td></td>
<td>47</td>
<td>runner.LocalRunner@bccb269</td></tr>
<tr>
<td title='runner.LocalRunner.runScenario()'><b>runScenario</b><br>Test class: runner.LocalRunner<br>Test method: Runs Cucumber Scenarios<br>Parameters: "Verify the First Name Text Field", "The Ability to edit Personal Details in My Info"</td>
<td></td>
<td>54</td>
<td>runner.LocalRunner@bccb269</td></tr>
<tr>
<td title='runner.LocalRunner.runScenario()'><b>runScenario</b><br>Test class: runner.LocalRunner<br>Test method: Runs Cucumber Scenarios<br>Parameters: "Verify the ability to add Attachements", "The Ability to edit Personal Details in My Info"</td>
<td></td>
<td>39</td>
<td>runner.LocalRunner@bccb269</td></tr>
<tr>
<td title='runner.LocalRunner.runScenario()'><b>runScenario</b><br>Test class: runner.LocalRunner<br>Test method: Runs Cucumber Scenarios<br>Parameters: "Verify the ability to add Attachements", "The Ability to edit Personal Details in My Info"</td>
<td></td>
<td>38</td>
<td>runner.LocalRunner@bccb269</td></tr>
<tr>
<td title='runner.LocalRunner.runScenario()'><b>runScenario</b><br>Test class: runner.LocalRunner<br>Test method: Runs Cucumber Scenarios<br>Parameters: "Verify the Middle Name Text Field", "The Ability to edit Personal Details in My Info"</td>
<td></td>
<td>74</td>
<td>runner.LocalRunner@bccb269</td></tr>
<tr>
<td title='runner.LocalRunner.runScenario()'><b>runScenario</b><br>Test class: runner.LocalRunner<br>Test method: Runs Cucumber Scenarios<br>Parameters: "Verify the Other ID Text Field", "The Ability to edit Personal Details in My Info"</td>
<td></td>
<td>73</td>
<td>runner.LocalRunner@bccb269</td></tr>
<tr>
<td title='runner.LocalRunner.runScenario()'><b>runScenario</b><br>Test class: runner.LocalRunner<br>Test method: Runs Cucumber Scenarios<br>Parameters: "Verify the Last Name Text Field", "The Ability to edit Personal Details in My Info"</td>
<td></td>
<td>42</td>
<td>runner.LocalRunner@bccb269</td></tr>
<tr>
<td title='runner.LocalRunner.runScenario()'><b>runScenario</b><br>Test class: runner.LocalRunner<br>Test method: Runs Cucumber Scenarios<br>Parameters: "Verify the First Name Text Field", "The Ability to edit Personal Details in My Info"</td>
<td></td>
<td>59</td>
<td>runner.LocalRunner@bccb269</td></tr>
<tr>
<td title='runner.LocalRunner.runScenario()'><b>runScenario</b><br>Test class: runner.LocalRunner<br>Test method: Runs Cucumber Scenarios<br>Parameters: "The Ability of staying logged out after clicking back button", "Login Functionality of OrangeHrm Site"</td>
<td></td>
<td>44</td>
<td>runner.LocalRunner@bccb269</td></tr>
<tr>
<td title='runner.LocalRunner.runScenario()'><b>runScenario</b><br>Test class: runner.LocalRunner<br>Test method: Runs Cucumber Scenarios<br>Parameters: "Verify the Last Name Text Field", "The Ability to edit Personal Details in My Info"</td>
<td></td>
<td>72</td>
<td>runner.LocalRunner@bccb269</td></tr>
<tr>
<td title='runner.LocalRunner.runScenario()'><b>runScenario</b><br>Test class: runner.LocalRunner<br>Test method: Runs Cucumber Scenarios<br>Parameters: "Verify the Other ID Text Field", "The Ability to edit Personal Details in My Info"</td>
<td></td>
<td>76</td>
<td>runner.LocalRunner@bccb269</td></tr>
<tr>
<td title='runner.LocalRunner.runScenario()'><b>runScenario</b><br>Test class: runner.LocalRunner<br>Test method: Runs Cucumber Scenarios<br>Parameters: "Verify the Middle Name Text Field", "The Ability to edit Personal Details in My Info"</td>
<td></td>
<td>72</td>
<td>runner.LocalRunner@bccb269</td></tr>
<tr>
<td title='runner.LocalRunner.runScenario()'><b>runScenario</b><br>Test class: runner.LocalRunner<br>Test method: Runs Cucumber Scenarios<br>Parameters: "Invalid Login Scenario", "Login Functionality of OrangeHrm Site"</td>
<td></td>
<td>38</td>
<td>runner.LocalRunner@bccb269</td></tr>
<tr>
<td title='runner.LocalRunner.runScenario()'><b>runScenario</b><br>Test class: runner.LocalRunner<br>Test method: Runs Cucumber Scenarios<br>Parameters: "Verify the First Name Text Field", "The Ability to edit Personal Details in My Info"</td>
<td></td>
<td>87</td>
<td>runner.LocalRunner@bccb269</td></tr>
<tr>
<td title='runner.LocalRunner.runScenario()'><b>runScenario</b><br>Test class: runner.LocalRunner<br>Test method: Runs Cucumber Scenarios<br>Parameters: "The Ability to Stay logged in after closing and reopening browser", "Login Functionality of OrangeHrm Site"</td>
<td></td>
<td>45</td>
<td>runner.LocalRunner@bccb269</td></tr>
<tr>
<td title='runner.LocalRunner.runScenario()'><b>runScenario</b><br>Test class: runner.LocalRunner<br>Test method: Runs Cucumber Scenarios<br>Parameters: "Invalid Login Scenario", "Login Functionality of OrangeHrm Site"</td>
<td></td>
<td>40</td>
<td>runner.LocalRunner@bccb269</td></tr>
<tr>
<td title='runner.LocalRunner.runScenario()'><b>runScenario</b><br>Test class: runner.LocalRunner<br>Test method: Runs Cucumber Scenarios<br>Parameters: "Verify the Last Name Text Field", "The Ability to edit Personal Details in My Info"</td>
<td></td>
<td>41</td>
<td>runner.LocalRunner@bccb269</td></tr>
<tr>
<td title='runner.LocalRunner.runScenario()'><b>runScenario</b><br>Test class: runner.LocalRunner<br>Test method: Runs Cucumber Scenarios<br>Parameters: "The Ability to Logout", "Login Functionality of OrangeHrm Site"</td>
<td></td>
<td>46</td>
<td>runner.LocalRunner@bccb269</td></tr>
<tr>
<td title='runner.LocalRunner.runScenario()'><b>runScenario</b><br>Test class: runner.LocalRunner<br>Test method: Runs Cucumber Scenarios<br>Parameters: "Verify the functionality to select Nation", "The Ability to edit Personal Details in My Info"</td>
<td></td>
<td>50</td>
<td>runner.LocalRunner@bccb269</td></tr>
<tr>
<td title='runner.LocalRunner.runScenario()'><b>runScenario</b><br>Test class: runner.LocalRunner<br>Test method: Runs Cucumber Scenarios<br>Parameters: "Verify the Other ID Text Field", "The Ability to edit Personal Details in My Info"</td>
<td></td>
<td>73</td>
<td>runner.LocalRunner@bccb269</td></tr>
<tr>
<td title='runner.LocalRunner.runScenario()'><b>runScenario</b><br>Test class: runner.LocalRunner<br>Test method: Runs Cucumber Scenarios<br>Parameters: "Verify the Last Name Text Field", "The Ability to edit Personal Details in My Info"</td>
<td></td>
<td>14</td>
<td>runner.LocalRunner@bccb269</td></tr>
<tr>
<td title='runner.LocalRunner.runScenario()'><b>runScenario</b><br>Test class: runner.LocalRunner<br>Test method: Runs Cucumber Scenarios<br>Parameters: "Verify the functionality to select Nation", "The Ability to edit Personal Details in My Info"</td>
<td></td>
<td>51</td>
<td>runner.LocalRunner@bccb269</td></tr>
<tr>
<td title='runner.LocalRunner.runScenario()'><b>runScenario</b><br>Test class: runner.LocalRunner<br>Test method: Runs Cucumber Scenarios<br>Parameters: "Verify the functionality of Help Btn", "The Ability to edit Personal Details in My Info"</td>
<td></td>
<td>53</td>
<td>runner.LocalRunner@bccb269</td></tr>
<tr>
<td title='runner.LocalRunner.runScenario()'><b>runScenario</b><br>Test class: runner.LocalRunner<br>Test method: Runs Cucumber Scenarios<br>Parameters: "Verify the Last Name Text Field", "The Ability to edit Personal Details in My Info"</td>
<td></td>
<td>41</td>
<td>runner.LocalRunner@bccb269</td></tr>
<tr>
<td title='runner.LocalRunner.runScenario()'><b>runScenario</b><br>Test class: runner.LocalRunner<br>Test method: Runs Cucumber Scenarios<br>Parameters: "Verify the Middle Name Text Field", "The Ability to edit Personal Details in My Info"</td>
<td></td>
<td>40</td>
<td>runner.LocalRunner@bccb269</td></tr>
<tr>
<td title='runner.LocalRunner.runScenario()'><b>runScenario</b><br>Test class: runner.LocalRunner<br>Test method: Runs Cucumber Scenarios<br>Parameters: "Invalid Login Scenario", "Login Functionality of OrangeHrm Site"</td>
<td></td>
<td>42</td>
<td>runner.LocalRunner@bccb269</td></tr>
<tr>
<td title='runner.LocalRunner.runScenario()'><b>runScenario</b><br>Test class: runner.LocalRunner<br>Test method: Runs Cucumber Scenarios<br>Parameters: "Verify the Other ID Text Field", "The Ability to edit Personal Details in My Info"</td>
<td></td>
<td>38</td>
<td>runner.LocalRunner@bccb269</td></tr>
<tr>
<td title='runner.LocalRunner.runScenario()'><b>runScenario</b><br>Test class: runner.LocalRunner<br>Test method: Runs Cucumber Scenarios<br>Parameters: "Verify the Last Name Text Field", "The Ability to edit Personal Details in My Info"</td>
<td></td>
<td>41</td>
<td>runner.LocalRunner@bccb269</td></tr>
<tr>
<td title='runner.LocalRunner.runScenario()'><b>runScenario</b><br>Test class: runner.LocalRunner<br>Test method: Runs Cucumber Scenarios<br>Parameters: "Verify the Other ID Text Field", "The Ability to edit Personal Details in My Info"</td>
<td></td>
<td>75</td>
<td>runner.LocalRunner@bccb269</td></tr>
<tr>
<td title='runner.LocalRunner.runScenario()'><b>runScenario</b><br>Test class: runner.LocalRunner<br>Test method: Runs Cucumber Scenarios<br>Parameters: "Verify the Last Name Text Field", "The Ability to edit Personal Details in My Info"</td>
<td></td>
<td>72</td>
<td>runner.LocalRunner@bccb269</td></tr>
<tr>
<td title='runner.LocalRunner.runScenario()'><b>runScenario</b><br>Test class: runner.LocalRunner<br>Test method: Runs Cucumber Scenarios<br>Parameters: "Verify the Middle Name Text Field", "The Ability to edit Personal Details in My Info"</td>
<td></td>
<td>73</td>
<td>runner.LocalRunner@bccb269</td></tr>
<tr>
<td title='runner.LocalRunner.runScenario()'><b>runScenario</b><br>Test class: runner.LocalRunner<br>Test method: Runs Cucumber Scenarios<br>Parameters: "Verify the First Name Text Field", "The Ability to edit Personal Details in My Info"</td>
<td></td>
<td>44</td>
<td>runner.LocalRunner@bccb269</td></tr>
<tr>
<td title='runner.LocalRunner.runScenario()'><b>runScenario</b><br>Test class: runner.LocalRunner<br>Test method: Runs Cucumber Scenarios<br>Parameters: "Verify only some fields are editable", "The Ability to edit Personal Details in My Info"</td>
<td></td>
<td>28</td>
<td>runner.LocalRunner@bccb269</td></tr>
<tr>
<td title='runner.LocalRunner.runScenario()'><b>runScenario</b><br>Test class: runner.LocalRunner<br>Test method: Runs Cucumber Scenarios<br>Parameters: "The Ability of staying logged in after clicking back button", "Login Functionality of OrangeHrm Site"</td>
<td></td>
<td>47</td>
<td>runner.LocalRunner@bccb269</td></tr>
<tr>
<td title='runner.LocalRunner.runScenario()'><b>runScenario</b><br>Test class: runner.LocalRunner<br>Test method: Runs Cucumber Scenarios<br>Parameters: "Invalid Login Scenario", "Login Functionality of OrangeHrm Site"</td>
<td></td>
<td>37</td>
<td>runner.LocalRunner@bccb269</td></tr>
<tr>
<td title='runner.LocalRunner.runScenario()'><b>runScenario</b><br>Test class: runner.LocalRunner<br>Test method: Runs Cucumber Scenarios<br>Parameters: "Verify the Gender Radio buttons", "The Ability to edit Personal Details in My Info"</td>
<td></td>
<td>109</td>
<td>runner.LocalRunner@bccb269</td></tr>
<tr>
<td title='runner.LocalRunner.runScenario()'><b>runScenario</b><br>Test class: runner.LocalRunner<br>Test method: Runs Cucumber Scenarios<br>Parameters: "Verify the First Name Text Field", "The Ability to edit Personal Details in My Info"</td>
<td></td>
<td>87</td>
<td>runner.LocalRunner@bccb269</td></tr>
</table><p>
</body>
</html>